<?xml version="1.0" encoding="UTF-8"?>
<!-- Generated by org.testng.reporters.JUnitReportReporter -->
<testsuite hostname="CDMIHFB2" failures="0" tests="11" name="com.mindtree.runner.TestRunner" time="207.352" errors="0" timestamp="2022-01-21T14:26:51 IST" skipped="0">
  <testcase classname="com.mindtree.runner.TestRunner" name="runScenario" time="10.443"/>
  <testcase classname="com.mindtree.runner.TestRunner" name="runScenario" time="10.812"/>
  <testcase classname="com.mindtree.runner.TestRunner" name="runScenario" time="25.295"/>
  <testcase classname="com.mindtree.runner.TestRunner" name="runScenario" time="5.492"/>
  <testcase classname="com.mindtree.runner.TestRunner" name="runScenario" time="20.535"/>
  <testcase classname="com.mindtree.runner.TestRunner" name="runScenario" time="25.003"/>
  <testcase classname="com.mindtree.runner.TestRunner" name="runScenario" time="21.250"/>
  <testcase classname="com.mindtree.runner.TestRunner" name="runScenario" time="25.663"/>
  <testcase classname="com.mindtree.runner.TestRunner" name="runScenario" time="27.458"/>
  <testcase classname="com.mindtree.runner.TestRunner" name="runScenario" time="28.543"/>
  <testcase classname="com.mindtree.runner.TestRunner" name="runScenario" time="6.858"/>
</testsuite> <!-- com.mindtree.runner.TestRunner -->
