<?xml version="1.0" encoding="UTF-8"?>
<!-- Generated by org.testng.reporters.JUnitReportReporter -->
<testsuite hostname="CDMIHFB2" failures="0" tests="11" name="com.mindtree.runner.TestRunner" time="213.331" errors="0" timestamp="2022-01-22T11:25:16 IST" skipped="0">
  <testcase classname="com.mindtree.runner.TestRunner" name="runScenario" time="29.389"/>
  <testcase classname="com.mindtree.runner.TestRunner" name="runScenario" time="22.001"/>
  <testcase classname="com.mindtree.runner.TestRunner" name="runScenario" time="10.982"/>
  <testcase classname="com.mindtree.runner.TestRunner" name="runScenario" time="30.183"/>
  <testcase classname="com.mindtree.runner.TestRunner" name="runScenario" time="24.647"/>
  <testcase classname="com.mindtree.runner.TestRunner" name="runScenario" time="5.178"/>
  <testcase classname="com.mindtree.runner.TestRunner" name="runScenario" time="25.240"/>
  <testcase classname="com.mindtree.runner.TestRunner" name="runScenario" time="25.355"/>
  <testcase classname="com.mindtree.runner.TestRunner" name="runScenario" time="7.103"/>
  <testcase classname="com.mindtree.runner.TestRunner" name="runScenario" time="10.677"/>
  <testcase classname="com.mindtree.runner.TestRunner" name="runScenario" time="22.576"/>
</testsuite> <!-- com.mindtree.runner.TestRunner -->
